#
# There is insufficient memory for the Java Runtime Environment to continue.
# Native memory allocation (malloc) failed to allocate 1048576 bytes for AllocateHeap
# Possible reasons:
#   The system is out of physical RAM or swap space
#   The process is running with CompressedOops enabled, and the Java Heap may be blocking the growth of the native heap
# Possible solutions:
#   Reduce memory load on the system
#   Increase physical memory or swap space
#   Check if swap backing store is full
#   Decrease Java heap size (-Xmx/-Xms)
#   Decrease number of Java threads
#   Decrease Java thread stack sizes (-Xss)
#   Set larger code cache with -XX:ReservedCodeCacheSize=
#   JVM is running with Zero Based Compressed Oops mode in which the Java heap is
#     placed in the first 32GB address space. The Java Heap base address is the
#     maximum limit for the native heap growth. Please use -XX:HeapBaseMinAddress
#     to set the Java Heap base and to place the Java Heap above 32GB virtual address.
# This output file may be truncated or incomplete.
#
#  Out of Memory Error (memory/allocation.inline.hpp:61), pid=23020, tid=0x0000000000005848
#
# JRE version:  (8.0_291-b10) (build )
# Java VM: Java HotSpot(TM) 64-Bit Server VM (25.291-b10 mixed mode windows-amd64 compressed oops)
# Failed to write core dump. Minidumps are not enabled by default on client versions of Windows
#

---------------  T H R E A D  ---------------

Current thread (0x000001780021f800):  JavaThread "Unknown thread" [_thread_in_vm, id=22600, stack(0x0000005ec1c00000,0x0000005ec1d00000)]

Stack: [0x0000005ec1c00000,0x0000005ec1d00000]
Native frames: (J=compiled Java code, j=interpreted, Vv=VM code, C=native code)
V  [jvm.dll+0x32ea19]
V  [jvm.dll+0x275462]
V  [jvm.dll+0x27610d]
V  [jvm.dll+0x26cb45]
V  [jvm.dll+0x509d]
V  [jvm.dll+0x3d2f93]
V  [jvm.dll+0x3d39a8]
V  [jvm.dll+0xfcaff]
V  [jvm.dll+0x209dfb]
V  [jvm.dll+0x238827]
V  [jvm.dll+0x1625b6]
C  [javaw.exe+0x2322]
C  [javaw.exe+0x16544]
C  [KERNEL32.DLL+0x17034]
C  [ntdll.dll+0x52651]


---------------  P R O C E S S  ---------------

Java Threads: ( => current thread )

Other Threads:

=>0x000001780021f800 (exited) JavaThread "Unknown thread" [_thread_in_vm, id=22600, stack(0x0000005ec1c00000,0x0000005ec1d00000)]

VM state:not at safepoint (normal execution)

VM Mutex/Monitor currently owned by a thread: None

heap address: 0x00000006c2800000, size: 4056 MB, Compressed Oops mode: Zero based, Oop shift amount: 3
Narrow klass base: 0x0000000000000000, Narrow klass shift: 3
Compressed class space size: 1073741824 Address: 0x00000007c0000000

Heap:
 PSYoungGen      total 75776K, used 1300K [0x000000076b800000, 0x0000000770c80000, 0x00000007c0000000)
  eden space 65024K, 2% used [0x000000076b800000,0x000000076b9451f8,0x000000076f780000)
  from space 10752K, 0% used [0x0000000770200000,0x0000000770200000,0x0000000770c80000)
  to   space 10752K, 0% used [0x000000076f780000,0x000000076f780000,0x0000000770200000)
 ParOldGen       total 173568K, used 0K [0x00000006c2800000, 0x00000006cd180000, 0x000000076b800000)
  object space 173568K, 0% used [0x00000006c2800000,0x00000006c2800000,0x00000006cd180000)
 Metaspace       used 778K, capacity 4480K, committed 4480K, reserved 1056768K
  class space    used 76K, capacity 384K, committed 384K, reserved 1048576K

Card table byte_map: [0x0000017810f90000,0x0000017811780000] byte_map_base: 0x000001780d97c000

Marking Bits: (ParMarkBitMap*) 0x000000005dfa7fe0
 Begin Bits: [0x0000017811cd0000, 0x0000017815c30000)
 End Bits:   [0x0000017815c30000, 0x0000017819b90000)

Polling page: 0x0000017800320000

CodeCache: size=245760Kb used=328Kb max_used=328Kb free=245431Kb
 bounds [0x0000017801bd0000, 0x0000017801e40000, 0x0000017810bd0000]
 total_blobs=58 nmethods=0 adapters=38
 compilation: enabled

Compilation events (0 events):
No events

GC Heap History (0 events):
No events

Deoptimization events (0 events):
No events

Classes redefined (0 events):
No events

Internal exceptions (0 events):
No events

Events (10 events):
Event: 0.015 loading class java/lang/Short
Event: 0.015 loading class java/lang/Short done
Event: 0.015 loading class java/lang/Integer
Event: 0.015 loading class java/lang/Integer done
Event: 0.015 loading class java/lang/Long
Event: 0.015 loading class java/lang/Long done
Event: 0.016 loading class java/lang/NullPointerException
Event: 0.016 loading class java/lang/NullPointerException done
Event: 0.016 loading class java/lang/ArithmeticException
Event: 0.016 loading class java/lang/ArithmeticException done


Dynamic libraries:
0x00007ff751fd0000 - 0x00007ff752017000 	C:\Program Files\Java\jdk1.8.0_291\bin\javaw.exe
0x00007ffc15b30000 - 0x00007ffc15d27000 	C:\Windows\SYSTEM32\ntdll.dll
0x00007ffc13f50000 - 0x00007ffc1400d000 	C:\Windows\System32\KERNEL32.DLL
0x00007ffc13540000 - 0x00007ffc1380d000 	C:\Windows\System32\KERNELBASE.dll
0x00007ffc14e50000 - 0x00007ffc14efe000 	C:\Windows\System32\ADVAPI32.dll
0x00007ffc14f70000 - 0x00007ffc1500e000 	C:\Windows\System32\msvcrt.dll
0x00007ffc13cb0000 - 0x00007ffc13d4c000 	C:\Windows\System32\sechost.dll
0x00007ffc154e0000 - 0x00007ffc15605000 	C:\Windows\System32\RPCRT4.dll
0x00007ffc15920000 - 0x00007ffc15ac0000 	C:\Windows\System32\USER32.dll
0x00007ffc13840000 - 0x00007ffc13862000 	C:\Windows\System32\win32u.dll
0x00007ffc15ac0000 - 0x00007ffc15aea000 	C:\Windows\System32\GDI32.dll
0x00007ffc13a80000 - 0x00007ffc13b8b000 	C:\Windows\System32\gdi32full.dll
0x00007ffc13250000 - 0x00007ffc132ed000 	C:\Windows\System32\msvcp_win.dll
0x00007ffc133d0000 - 0x00007ffc134d0000 	C:\Windows\System32\ucrtbase.dll
0x00007ffc07f50000 - 0x00007ffc081ea000 	C:\Windows\WinSxS\amd64_microsoft.windows.common-controls_6595b64144ccf1df_6.0.19041.1110_none_60b5254171f9507e\COMCTL32.dll
0x00007ffc141c0000 - 0x00007ffc141f0000 	C:\Windows\System32\IMM32.DLL
0x00007ffc00c70000 - 0x00007ffc00c85000 	C:\Program Files\Java\jdk1.8.0_291\jre\bin\vcruntime140.dll
0x00007ffbfd760000 - 0x00007ffbfd7fb000 	C:\Program Files\Java\jdk1.8.0_291\jre\bin\msvcp140.dll
0x000000005d7c0000 - 0x000000005e020000 	C:\Program Files\Java\jdk1.8.0_291\jre\bin\server\jvm.dll
0x00007ffc14e40000 - 0x00007ffc14e48000 	C:\Windows\System32\PSAPI.DLL
0x00007ffbf2e90000 - 0x00007ffbf2e99000 	C:\Windows\SYSTEM32\WSOCK32.dll
0x00007ffc0aef0000 - 0x00007ffc0af17000 	C:\Windows\SYSTEM32\WINMM.dll
0x00007ffc0d1c0000 - 0x00007ffc0d1ca000 	C:\Windows\SYSTEM32\VERSION.dll
0x00007ffc14f00000 - 0x00007ffc14f6b000 	C:\Windows\System32\WS2_32.dll
0x00007ffc11170000 - 0x00007ffc11182000 	C:\Windows\SYSTEM32\kernel.appcore.dll
0x00007ffc00c60000 - 0x00007ffc00c70000 	C:\Program Files\Java\jdk1.8.0_291\jre\bin\verify.dll
0x00007ffbfd730000 - 0x00007ffbfd75b000 	C:\Program Files\Java\jdk1.8.0_291\jre\bin\java.dll
0x00007ffc00c40000 - 0x00007ffc00c58000 	C:\Program Files\Java\jdk1.8.0_291\jre\bin\zip.dll
0x00007ffbffa30000 - 0x00007ffbffc14000 	C:\Windows\SYSTEM32\dbghelp.dll
0x00007ffc132f0000 - 0x00007ffc13372000 	C:\Windows\System32\bcryptPrimitives.dll

VM Arguments:
jvm_args: -Dfile.encoding=MS949 
java_command: play.main.Main
java_class_path (initial): D:\personal\BullsAndCows\src
Launcher Type: SUN_STANDARD

Environment Variables:
JAVA_HOME=C:\Program Files\Java\jdk1.8.0_291
CLASSPATH=C:\Program Files\Java\jdk1.8.0_291\lib
PATH=C:/Program Files/Java/jre1.8.0_291/bin/server;C:/Program Files/Java/jre1.8.0_291/bin;C:/Program Files/Java/jre1.8.0_291/lib/amd64;C:\Program Files (x86)\Common Files\Oracle\Java\javapath;C:\Windows\system32;C:\Windows;C:\Windows\System32\Wbem;C:\Windows\System32\WindowsPowerShell\v1.0\;C:\Windows\System32\OpenSSH\;C:\Program Files\Bandizip\;C:\Program Files\Java\jdk1.8.0_291\bin;D:\personal_tools\apache-maven-3.8.6\bin;C:\Users\Desk top\AppData\Local\Microsoft\WindowsApps;;C:\Users\Desk top\AppData\Local\Programs\Microsoft VS Code\bin;D:\eclipse-jee-2020-06-R-win32-x86_64\eclipse;
USERNAME=Desk top
OS=Windows_NT
PROCESSOR_IDENTIFIER=Intel64 Family 6 Model 167 Stepping 1, GenuineIntel



---------------  S Y S T E M  ---------------

OS: Windows 10.0 , 64 bit Build 19041 (10.0.19041.1741)

CPU:total 16 (initial active 16) (8 cores per cpu, 2 threads per core) family 6 model 167 stepping 1, cmov, cx8, fxsr, mmx, sse, sse2, sse3, ssse3, sse4.1, sse4.2, popcnt, avx, avx2, aes, clmul, erms, 3dnowpref, lzcnt, ht, tsc, tscinvbit, bmi1, bmi2, adx

Memory: 4k page, physical 16610876k(7956592k free), swap 46473812k(5596k free)

vm_info: Java HotSpot(TM) 64-Bit Server VM (25.291-b10) for windows-amd64 JRE (1.8.0_291-b10), built on Apr  9 2021 00:02:00 by "java_re" with MS VC++ 15.9 (VS2017)

time: Thu Jul  7 16:24:40 2022
timezone: 대한민국 표준시
elapsed time: 0.073806 seconds (0d 0h 0m 0s)

